<?xml version="1.0" encoding="UTF-8"?>
<!-- Generated by org.testng.reporters.JUnitXMLReporter -->
<testsuite ignored="5" hostname="DESKTOP-4KADTEQ" failures="1" tests="2" name="chrometestTest" time="0.522" errors="0" timestamp="2022-08-17T12:24:17 IST">
  <testcase classname="TestLayer.BaseTest" name="@AfterMethod tearDown" time="0.007">
    <failure type="java.lang.NullPointerException" message="Cannot invoke &amp;quot;org.openqa.selenium.TakesScreenshot.getScreenshotAs(org.openqa.selenium.OutputType)&amp;quot; because &amp;quot;tks&amp;quot; is null">
      <![CDATA[java.lang.NullPointerException: Cannot invoke "org.openqa.selenium.TakesScreenshot.getScreenshotAs(org.openqa.selenium.OutputType)" because "tks" is null
at instrive.qa.testing.ReusableFunction.captureScreenShot(ReusableFunction.java:596)
at TestLayer.BaseTest.tearDown(BaseTest.java:245)
at java.base/java.util.ArrayList.forEach(ArrayList.java:1511)
at java.base/java.util.concurrent.FutureTask.run(FutureTask.java:264)
at java.base/java.util.concurrent.ThreadPoolExecutor.runWorker(ThreadPoolExecutor.java:1136)
at java.base/java.util.concurrent.ThreadPoolExecutor$Worker.run(ThreadPoolExecutor.java:635)
at java.base/java.lang.Thread.run(Thread.java:833)
... Removed 21 stack frames]]>
    </failure>
  </testcase> <!-- @AfterMethod tearDown -->
  <testcase classname="TestLayer.BaseTest" name="@BeforeMethod testName" time="0.0">
    <skipped/>
  </testcase> <!-- @BeforeMethod testName -->
  <testcase classname="TestLayer.BaseTest" name="@AfterMethod tearDown" time="0.0">
    <skipped/>
  </testcase> <!-- @AfterMethod tearDown -->
  <testcase classname="TestLayer.BuyerPortal_LandingPagetest" name="search" time="0.008">
    <failure type="java.lang.NullPointerException" message="Cannot invoke &amp;quot;java.util.Properties.getProperty(String)&amp;quot; because &amp;quot;this.properties&amp;quot; is null">
      <![CDATA[java.lang.NullPointerException: Cannot invoke "java.util.Properties.getProperty(String)" because "this.properties" is null
at TestLayer.BuyerPortal_LandingPagetest.search(BuyerPortal_LandingPagetest.java:19)
at java.base/java.util.ArrayList.forEach(ArrayList.java:1511)
at java.base/java.util.concurrent.FutureTask.run(FutureTask.java:264)
at java.base/java.util.concurrent.ThreadPoolExecutor.runWorker(ThreadPoolExecutor.java:1136)
at java.base/java.util.concurrent.ThreadPoolExecutor$Worker.run(ThreadPoolExecutor.java:635)
at java.base/java.lang.Thread.run(Thread.java:833)
... Removed 16 stack frames]]>
    </failure>
  </testcase> <!-- search -->
  <testcase classname="TestLayer.BuyerPortal_LandingPagetest" name="footer1" time="0.0">
    <skipped/>
  </testcase> <!-- footer1 -->
  <testcase classname="TestLayer.BuyerPortal_LandingPagetest" name="signInPageTest" time="0.0">
    <ignored/>
  </testcase> <!-- signInPageTest -->
  <testcase classname="TestLayer.BuyerPortal_LandingPagetest" name="searchpage" time="0.0">
    <ignored/>
  </testcase> <!-- searchpage -->
  <testcase classname="TestLayer.BuyerPortal_LandingPagetest" name="popularSearch" time="0.0">
    <ignored/>
  </testcase> <!-- popularSearch -->
  <testcase classname="TestLayer.BuyerPortal_LandingPagetest" name="testimonials" time="0.0">
    <ignored/>
  </testcase> <!-- testimonials -->
  <testcase classname="TestLayer.BuyerPortal_LandingPagetest" name="categories" time="0.0">
    <ignored/>
  </testcase> <!-- categories -->
</testsuite> <!-- chrometestTest -->
