<?xml version="1.0" encoding="UTF-8"?>
<!-- Generated by org.testng.reporters.JUnitXMLReporter -->
<testsuite ignored="12" hostname="DESKTOP-4KADTEQ" failures="3" tests="13" name="Test" time="115.992" errors="0" timestamp="2022-09-22T14:37:58 IST">
  <testcase classname="TestLayer.BaseTest" name="@AfterMethod tearDown" time="0.001">
    <failure type="java.lang.NullPointerException" message="Cannot invoke &amp;quot;org.openqa.selenium.TakesScreenshot.getScreenshotAs(org.openqa.selenium.OutputType)&amp;quot; because &amp;quot;tks&amp;quot; is null">
      <![CDATA[java.lang.NullPointerException: Cannot invoke "org.openqa.selenium.TakesScreenshot.getScreenshotAs(org.openqa.selenium.OutputType)" because "tks" is null
at instrive.qa.testing.ReusableFunction.captureScreenShot(ReusableFunction.java:578)
at TestLayer.BaseTest.tearDown(BaseTest.java:250)
at java.base/java.util.ArrayList.forEach(ArrayList.java:1511)
... Removed 30 stack frames]]>
    </failure>
  </testcase> <!-- @AfterMethod tearDown -->
  <testcase classname="TestLayer.BaseTest" name="@BeforeMethod testName" time="0.0">
    <skipped/>
  </testcase> <!-- @BeforeMethod testName -->
  <testcase classname="TestLayer.BaseTest" name="@AfterMethod tearDown" time="0.0">
    <skipped/>
  </testcase> <!-- @AfterMethod tearDown -->
  <testcase classname="TestLayer.BaseTest" name="@BeforeMethod testName" time="0.0">
    <skipped/>
  </testcase> <!-- @BeforeMethod testName -->
  <testcase classname="TestLayer.BaseTest" name="@AfterMethod tearDown" time="0.0">
    <skipped/>
  </testcase> <!-- @AfterMethod tearDown -->
  <testcase classname="TestLayer.BaseTest" name="@BeforeMethod testName" time="0.0">
    <skipped/>
  </testcase> <!-- @BeforeMethod testName -->
  <testcase classname="TestLayer.BaseTest" name="@AfterMethod tearDown" time="0.0">
    <skipped/>
  </testcase> <!-- @AfterMethod tearDown -->
  <testcase classname="TestLayer.BaseTest" name="@BeforeMethod testName" time="0.0">
    <skipped/>
  </testcase> <!-- @BeforeMethod testName -->
  <testcase classname="TestLayer.BaseTest" name="@AfterMethod tearDown" time="0.0">
    <skipped/>
  </testcase> <!-- @AfterMethod tearDown -->
  <testcase classname="TestLayer.BaseTest" name="@BeforeMethod testName" time="0.0">
    <skipped/>
  </testcase> <!-- @BeforeMethod testName -->
  <testcase classname="TestLayer.BaseTest" name="@AfterMethod tearDown" time="0.0">
    <skipped/>
  </testcase> <!-- @AfterMethod tearDown -->
  <testcase classname="TestLayer.BaseTest" name="@BeforeMethod testName" time="0.0">
    <skipped/>
  </testcase> <!-- @BeforeMethod testName -->
  <testcase classname="TestLayer.BaseTest" name="@AfterMethod tearDown" time="0.0">
    <skipped/>
  </testcase> <!-- @AfterMethod tearDown -->
  <testcase classname="TestLayer.BaseTest" name="@BeforeMethod testName" time="0.0">
    <skipped/>
  </testcase> <!-- @BeforeMethod testName -->
  <testcase classname="TestLayer.BaseTest" name="@AfterMethod tearDown" time="0.0">
    <skipped/>
  </testcase> <!-- @AfterMethod tearDown -->
  <testcase classname="TestLayer.BaseTest" name="@BeforeMethod testName" time="0.0">
    <skipped/>
  </testcase> <!-- @BeforeMethod testName -->
  <testcase classname="TestLayer.BaseTest" name="@AfterMethod tearDown" time="0.0">
    <skipped/>
  </testcase> <!-- @AfterMethod tearDown -->
  <testcase classname="TestLayer.BaseTest" name="@AfterMethod tearDown" time="0.001">
    <failure type="java.lang.NullPointerException" message="Cannot invoke &amp;quot;org.openqa.selenium.TakesScreenshot.getScreenshotAs(org.openqa.selenium.OutputType)&amp;quot; because &amp;quot;tks&amp;quot; is null">
      <![CDATA[java.lang.NullPointerException: Cannot invoke "org.openqa.selenium.TakesScreenshot.getScreenshotAs(org.openqa.selenium.OutputType)" because "tks" is null
at instrive.qa.testing.ReusableFunction.captureScreenShot(ReusableFunction.java:578)
at TestLayer.BaseTest.tearDown(BaseTest.java:250)
at java.base/java.util.ArrayList.forEach(ArrayList.java:1511)
... Removed 30 stack frames]]>
    </failure>
  </testcase> <!-- @AfterMethod tearDown -->
  <testcase classname="TestLayer.BaseTest" name="@BeforeMethod testName" time="0.0">
    <skipped/>
  </testcase> <!-- @BeforeMethod testName -->
  <testcase classname="TestLayer.BaseTest" name="@AfterMethod tearDown" time="0.0">
    <skipped/>
  </testcase> <!-- @AfterMethod tearDown -->
  <testcase classname="TestLayer.BaseTest" name="@BeforeMethod testName" time="0.0">
    <skipped/>
  </testcase> <!-- @BeforeMethod testName -->
  <testcase classname="TestLayer.BaseTest" name="@AfterMethod tearDown" time="0.0">
    <skipped/>
  </testcase> <!-- @AfterMethod tearDown -->
  <testcase classname="TestLayer.BuyerPortal_LandingPagetest" name="searchpage" time="114.87">
    <failure type="org.openqa.selenium.TimeoutException" message="Expected condition failed: waiting for condition (element to be clickable: By.xpath: //div[@role=&amp;quot;button&amp;quot;]) to be refreshed (tried for 30 second(s) with 500 milliseconds interval)">
      <![CDATA[org.openqa.selenium.TimeoutException: Expected condition failed: waiting for condition (element to be clickable: By.xpath: //div[@role="button"]) to be refreshed (tried for 30 second(s) with 500 milliseconds interval)
at org.openqa.selenium.support.ui.WebDriverWait.timeoutException(WebDriverWait.java:95)
at org.openqa.selenium.support.ui.FluentWait.until(FluentWait.java:272)
at BuyerPortal.qa.testing.ReusableFunction.clickOn(ReusableFunction.java:619)
at BuyerPortal.qa.testing.BuyerPortal_searchPage1.searchpage2(BuyerPortal_searchPage1.java:104)
at TestLayer.BuyerPortal_LandingPagetest.searchpage(BuyerPortal_LandingPagetest.java:113)
at java.base/java.util.ArrayList.forEach(ArrayList.java:1511)
Caused by: org.openqa.selenium.NoSuchElementException: no such element: Unable to locate element: {"method":"xpath","selector":"//div[@role="button"]"}
  (Session info: chrome=105.0.5195.127)
For documentation on this error, please visit: https://www.seleniumhq.org/exceptions/no_such_element.html
Build info: version: '3.141.59', revision: 'e82be7d358', time: '2018-11-14T08:17:03'
System info: host: 'DESKTOP-4KADTEQ', ip: '192.168.43.81', os.name: 'Windows 11', os.arch: 'amd64', os.version: '10.0', java.version: '18'
Driver info: org.openqa.selenium.chrome.ChromeDriver
Capabilities {acceptInsecureCerts: false, browserName: chrome, browserVersion: 105.0.5195.127, chrome: {chromedriverVersion: 105.0.5195.52 (412c95e51883..., userDataDir: C:\Users\Dell\AppData\Local...}, goog:chromeOptions: {debuggerAddress: localhost:50085}, javascriptEnabled: true, networkConnectionEnabled: false, pageLoadStrategy: normal, platform: WINDOWS, platformName: WINDOWS, proxy: Proxy(), setWindowRect: true, strictFileInteractability: false, timeouts: {implicit: 0, pageLoad: 300000, script: 30000}, unhandledPromptBehavior: dismiss and notify, webauthn:extension:credBlob: true, webauthn:extension:largeBlob: true, webauthn:virtualAuthenticators: true}
Session ID: e2790b85c051b10ceb21c2665de56e0f
*** Element info: {Using=xpath, value=//div[@role="button"]}
at org.openqa.selenium.remote.http.W3CHttpResponseCodec.createException(W3CHttpResponseCodec.java:187)
at org.openqa.selenium.remote.http.W3CHttpResponseCodec.decode(W3CHttpResponseCodec.java:122)
at org.openqa.selenium.remote.http.W3CHttpResponseCodec.decode(W3CHttpResponseCodec.java:49)
at org.openqa.selenium.remote.HttpCommandExecutor.execute(HttpCommandExecutor.java:158)
at org.openqa.selenium.remote.service.DriverCommandExecutor.execute(DriverCommandExecutor.java:83)
at org.openqa.selenium.remote.RemoteWebDriver.execute(RemoteWebDriver.java:552)
at org.openqa.selenium.remote.RemoteWebDriver.findElement(RemoteWebDriver.java:323)
at org.openqa.selenium.remote.RemoteWebDriver.findElementByXPath(RemoteWebDriver.java:428)
at org.openqa.selenium.By$ByXPath.findElement(By.java:353)
at org.openqa.selenium.remote.RemoteWebDriver.findElement(RemoteWebDriver.java:315)
at org.openqa.selenium.support.ui.ExpectedConditions$7.apply(ExpectedConditions.java:205)
at org.openqa.selenium.support.ui.ExpectedConditions$7.apply(ExpectedConditions.java:201)
at org.openqa.selenium.support.ui.ExpectedConditions$22.apply(ExpectedConditions.java:641)
at org.openqa.selenium.support.ui.ExpectedConditions$22.apply(ExpectedConditions.java:638)
at org.openqa.selenium.support.ui.ExpectedConditions$25.apply(ExpectedConditions.java:731)
at org.openqa.selenium.support.ui.ExpectedConditions$25.apply(ExpectedConditions.java:727)
at org.openqa.selenium.support.ui.FluentWait.until(FluentWait.java:249)
... 29 more
... Removed 28 stack frames]]>
    </failure>
  </testcase> <!-- searchpage -->
  <testcase classname="TestLayer.BuyerPortal_ComparePageTest" name="signInPageTest" time="0.002">
    <failure type="java.lang.NullPointerException" message="Cannot invoke &amp;quot;java.util.Properties.getProperty(String)&amp;quot; because &amp;quot;this.properties&amp;quot; is null">
      <![CDATA[java.lang.NullPointerException: Cannot invoke "java.util.Properties.getProperty(String)" because "this.properties" is null
at TestLayer.BuyerPortal_ComparePageTest.signInPageTest(BuyerPortal_ComparePageTest.java:18)
at java.base/java.util.ArrayList.forEach(ArrayList.java:1511)
... Removed 25 stack frames]]>
    </failure>
  </testcase> <!-- signInPageTest -->
  <testcase classname="TestLayer.BuyerPortal_ComparePageTest" name="comparePage01" time="0.0">
    <skipped/>
  </testcase> <!-- comparePage01 -->
  <testcase classname="TestLayer.BuyerPortal_ComparePageTest" name="contactSupplier" time="0.0">
    <skipped/>
  </testcase> <!-- contactSupplier -->
  <testcase classname="TestLayer.BuyerPortal_ComparePageTest" name="contactSupplier1" time="0.0">
    <skipped/>
  </testcase> <!-- contactSupplier1 -->
  <testcase classname="TestLayer.BuyerPortal_ComparePageTest" name="requestQuote" time="0.0">
    <skipped/>
  </testcase> <!-- requestQuote -->
  <testcase classname="TestLayer.BuyerPortal_ComparePageTest" name="compare" time="0.0">
    <skipped/>
  </testcase> <!-- compare -->
  <testcase classname="TestLayer.BuyerPortal_ComparePageTest" name="contactSupplier11" time="0.0">
    <skipped/>
  </testcase> <!-- contactSupplier11 -->
  <testcase classname="TestLayer.BuyerPortal_ComparePageTest" name="contactSupplier12" time="0.0">
    <skipped/>
  </testcase> <!-- contactSupplier12 -->
  <testcase classname="TestLayer.BuyerPortal_ComparePageTest" name="requestQuote1" time="0.0">
    <skipped/>
  </testcase> <!-- requestQuote1 -->
  <testcase classname="TestLayer.BuyerPortal_FavouritePageTest" name="signInPageTest" time="0.001">
    <failure type="java.lang.NullPointerException" message="Cannot invoke &amp;quot;java.util.Properties.getProperty(String)&amp;quot; because &amp;quot;this.properties&amp;quot; is null">
      <![CDATA[java.lang.NullPointerException: Cannot invoke "java.util.Properties.getProperty(String)" because "this.properties" is null
at TestLayer.BuyerPortal_FavouritePageTest.signInPageTest(BuyerPortal_FavouritePageTest.java:17)
at java.base/java.util.ArrayList.forEach(ArrayList.java:1511)
... Removed 25 stack frames]]>
    </failure>
  </testcase> <!-- signInPageTest -->
  <testcase classname="TestLayer.BuyerPortal_FavouritePageTest" name="loginsearchPageTest" time="0.0">
    <skipped/>
  </testcase> <!-- loginsearchPageTest -->
  <testcase classname="TestLayer.BuyerPortal_FavouritePageTest" name="favPage1" time="0.0">
    <skipped/>
  </testcase> <!-- favPage1 -->
  <testcase classname="TestLayer.BaseTest" name="@BeforeTest setReports" time="0.0">
    <ignored/>
  </testcase> <!-- @BeforeTest setReports -->
  <testcase classname="TestLayer.BuyerPortal_LandingPagetest" name="popularSearch" time="0.0">
    <ignored/>
  </testcase> <!-- popularSearch -->
  <testcase classname="TestLayer.BuyerPortal_LandingPagetest" name="footer1" time="0.0">
    <ignored/>
  </testcase> <!-- footer1 -->
  <testcase classname="TestLayer.BaseTest" name="@AfterTest closeReport" time="0.0">
    <ignored/>
  </testcase> <!-- @AfterTest closeReport -->
  <testcase classname="TestLayer.BuyerPortal_LandingPagetest" name="signInPageTest" time="0.0">
    <ignored/>
  </testcase> <!-- signInPageTest -->
  <testcase classname="TestLayer.BuyerPortal_LandingPagetest" name="categories" time="0.0">
    <ignored/>
  </testcase> <!-- categories -->
  <testcase classname="TestLayer.BaseTest" name="@AfterTest closeReport" time="0.0">
    <ignored/>
  </testcase> <!-- @AfterTest closeReport -->
  <testcase classname="TestLayer.BaseTest" name="@BeforeSuite setUp" time="0.0">
    <ignored/>
  </testcase> <!-- @BeforeSuite setUp -->
  <testcase classname="TestLayer.BaseTest" name="@BeforeSuite setUp" time="0.0">
    <ignored/>
  </testcase> <!-- @BeforeSuite setUp -->
  <testcase classname="TestLayer.BuyerPortal_LandingPagetest" name="testimonials" time="0.0">
    <ignored/>
  </testcase> <!-- testimonials -->
  <testcase classname="TestLayer.BaseTest" name="@BeforeTest setReports" time="0.0">
    <ignored/>
  </testcase> <!-- @BeforeTest setReports -->
  <testcase classname="TestLayer.BuyerPortal_LandingPagetest" name="search" time="0.0">
    <ignored/>
  </testcase> <!-- search -->
</testsuite> <!-- Test -->
